<?xml version="1.0" encoding="UTF-8"?>
<!-- Generated by org.testng.reporters.JUnitReportReporter -->
<testsuite skipped="0" hostname="BLT1212" name="gradle_demo.basictest" tests="1" failures="0" timestamp="2020-02-20T11:20:53 IST" time="47.572" errors="0">
  <testcase name="sample" time="47.572" classname="gradle_demo.basictest"/>
  <system-out/>
</testsuite> <!-- gradle_demo.basictest -->
