<?xml version="1.0" encoding="UTF-8"?>
<!-- Generated by org.testng.reporters.JUnitReportReporter -->
<testsuite skipped="0" hostname="BLT1212" name="gradle_demo.github_1" tests="1" failures="0" timestamp="2020-02-20T13:30:06 IST" time="12.498" errors="0">
  <testcase name="listcount" time="12.498" classname="gradle_demo.github_1"/>
  <system-out/>
</testsuite> <!-- gradle_demo.github_1 -->
